<?xml version="1.0" encoding="UTF-8" ?>
<testsuite tests="14" failures="0" name="p02_ExtendedDatabase.ExtendedDatabaseTest" time="0.018" errors="0" skipped="1">
  <properties>
    <property name="java.runtime.name" value="Java(TM) SE Runtime Environment"/>
    <property name="java.vm.version" value="14.0.1+7"/>
    <property name="sun.boot.library.path" value="C:\Program Files\Java\jdk-14.0.1\bin"/>
    <property name="maven.multiModuleProjectDirectory" value="C:\Users\Kaloyan\Desktop\New folder\UnitTesting_Exercises"/>
    <property name="java.vm.vendor" value="Oracle Corporation"/>
    <property name="java.vendor.url" value="https://java.oracle.com/"/>
    <property name="guice.disable.misplaced.annotation.check" value="true"/>
    <property name="path.separator" value=";"/>
    <property name="java.vm.name" value="Java HotSpot(TM) 64-Bit Server VM"/>
    <property name="sun.os.patch.level" value=""/>
    <property name="user.script" value=""/>
    <property name="user.country" value="US"/>
    <property name="sun.java.launcher" value="SUN_STANDARD"/>
    <property name="java.vm.specification.name" value="Java Virtual Machine Specification"/>
    <property name="user.dir" value="C:\Users\Kaloyan\Desktop\New folder\UnitTesting_Exercises"/>
    <property name="java.vm.compressedOopsMode" value="32-bit"/>
    <property name="java.runtime.version" value="14.0.1+7"/>
    <property name="os.arch" value="amd64"/>
    <property name="java.io.tmpdir" value="C:\Users\Kaloyan\AppData\Local\Temp\"/>
    <property name="line.separator" value="
"/>
    <property name="java.vm.specification.vendor" value="Oracle Corporation"/>
    <property name="user.variant" value=""/>
    <property name="os.name" value="Windows 10"/>
    <property name="classworlds.conf" value="C:\Program Files\apache-maven-3.8.1\bin\..\bin\m2.conf"/>
    <property name="sun.jnu.encoding" value="Cp1252"/>
    <property name="java.library.path" value="C:\Program Files\Java\jdk-14.0.1\bin;C:\WINDOWS\Sun\Java\bin;C:\WINDOWS\system32;C:\WINDOWS;C:\Program Files\Common Files\Oracle\Java\javapath;C:\Program Files (x86)\Common Files\Oracle\Java\javapath;C:\Program Files\apache-maven-3.8.1\bin;C:\Windows\system32;C:\Windows;C:\Windows\System32\Wbem;C:\Windows\System32\WindowsPowerShell\v1.0\;C:\Windows\System32\OpenSSH\;C:\Program Files\nodejs\;C:\Program Files\TortoiseGit\bin;C:\Program Files\TortoiseSVN\bin;C:\Program Files\dotnet\;C:\Program Files\Git\cmd;C:\Program Files\NVIDIA Corporation\NVIDIA NvDLISR;C:\Program Files (x86)\NVIDIA Corporation\PhysX\Common;C:\Program Files (x86)\Pulse Secure\VC142.CRT\X64\;C:\Program Files (x86)\Pulse Secure\VC142.CRT\X86\;C:\WINDOWS\system32;C:\WINDOWS;C:\WINDOWS\System32\Wbem;C:\WINDOWS\System32\WindowsPowerShell\v1.0\;C:\WINDOWS\System32\OpenSSH\;C:\Program Files\Docker\Docker\resources\bin;C:\ProgramData\DockerDesktop\version-bin;C:\Program Files\gradle-7.5.1\bin;C:\Program Files\apache-maven-3.8.1\bin;C:\Users\Kaloyan\AppData\Roaming\npm;C:\Users\Kaloyan\AppData\Local\Programs\Microsoft VS Code\bin;C:\Users\Kaloyan\.dotnet\tools;C:\Users\Kaloyan\AppData\Local\Microsoft\WindowsApps;;."/>
    <property name="maven.conf" value="C:\Program Files\apache-maven-3.8.1\bin\../conf"/>
    <property name="jdk.debug" value="release"/>
    <property name="java.class.version" value="58.0"/>
    <property name="java.specification.name" value="Java Platform API Specification"/>
    <property name="sun.management.compiler" value="HotSpot 64-Bit Tiered Compilers"/>
    <property name="os.version" value="10.0"/>
    <property name="library.jansi.path" value="C:\Program Files\apache-maven-3.8.1\bin\..\lib\jansi-native"/>
    <property name="user.home" value="C:\Users\Kaloyan"/>
    <property name="user.timezone" value="Europe/Sofia"/>
    <property name="file.encoding" value="Cp1252"/>
    <property name="java.specification.version" value="14"/>
    <property name="user.name" value="Kaloyan"/>
    <property name="java.class.path" value="C:\Program Files\apache-maven-3.8.1\bin\..\boot\plexus-classworlds-2.6.0.jar"/>
    <property name="java.vm.specification.version" value="14"/>
    <property name="sun.arch.data.model" value="64"/>
    <property name="sun.java.command" value="org.codehaus.plexus.classworlds.launcher.Launcher clean install"/>
    <property name="java.home" value="C:\Program Files\Java\jdk-14.0.1"/>
    <property name="user.language" value="en"/>
    <property name="java.specification.vendor" value="Oracle Corporation"/>
    <property name="java.vm.info" value="mixed mode, sharing"/>
    <property name="java.version" value="14.0.1"/>
    <property name="java.vendor" value="Oracle Corporation"/>
    <property name="sun.stderr.encoding" value="cp437"/>
    <property name="maven.home" value="C:\Program Files\apache-maven-3.8.1\bin\.."/>
    <property name="file.separator" value="\"/>
    <property name="java.version.date" value="2020-04-14"/>
    <property name="java.vendor.url.bug" value="https://bugreport.java.com/bugreport/"/>
    <property name="sun.io.unicode.encoding" value="UnicodeLittle"/>
    <property name="sun.cpu.endian" value="little"/>
    <property name="sun.stdout.encoding" value="cp437"/>
    <property name="sun.cpu.isalist" value="amd64"/>
  </properties>
  <testcase classname="p02_ExtendedDatabase.ExtendedDatabaseTest" name="test_Remove_Should_Remove_Successfully" time="0.001"/>
  <testcase classname="p02_ExtendedDatabase.ExtendedDatabaseTest" name="test_Constructor_Should_Create_Correct_Object" time="0.002">
    <skipped/>
  </testcase>
  <testcase classname="p02_ExtendedDatabase.ExtendedDatabaseTest" name="test_FindById_Should_Throw_When_Duplicated_Persons" time="0.012"/>
  <testcase classname="p02_ExtendedDatabase.ExtendedDatabaseTest" name="test_Add_Should_Increase_Elements_Count_When_Add_Element" time="0"/>
  <testcase classname="p02_ExtendedDatabase.ExtendedDatabaseTest" name="test_Add_Should_Throw_When_Element_Null" time="0"/>
  <testcase classname="p02_ExtendedDatabase.ExtendedDatabaseTest" name="test_Add_Should_Add_Element_OnTheLast_Position" time="0.001"/>
  <testcase classname="p02_ExtendedDatabase.ExtendedDatabaseTest" name="test_FindByUserName_Should_Throw_When_Username_Null" time="0"/>
  <testcase classname="p02_ExtendedDatabase.ExtendedDatabaseTest" name="test_FindByUserName_Should_Throw_When_Duplicated_Persons" time="0.001"/>
  <testcase classname="p02_ExtendedDatabase.ExtendedDatabaseTest" name="test_FindByUserName_Should_Throw_When_Username_NotPresent" time="0"/>
  <testcase classname="p02_ExtendedDatabase.ExtendedDatabaseTest" name="test_FindByUserName_Should_Return_CorrectPerson" time="0.001"/>
  <testcase classname="p02_ExtendedDatabase.ExtendedDatabaseTest" name="test_Constructor_should_Throw_When_Elements_Smaller_Than1" time="0"/>
  <testcase classname="p02_ExtendedDatabase.ExtendedDatabaseTest" name="test_Constructor_should_Throw_When_Elements_Greater_Than16" time="0"/>
  <testcase classname="p02_ExtendedDatabase.ExtendedDatabaseTest" name="test_FindById_Should_Return_CorrectPerson" time="0"/>
  <testcase classname="p02_ExtendedDatabase.ExtendedDatabaseTest" name="test_Remove_Should_Throw_When_EmptyDatabase" time="0"/>
</testsuite>